  Lab_02.cpp
F:\lpnu\labi\Lab_02\Lab_02\Lab_02.cpp(16,13): warning C4566: character represented by universal-character-name '\u0412' cannot be represented in the current code page (1252)
F:\lpnu\labi\Lab_02\Lab_02\Lab_02.cpp(16,13): warning C4566: character represented by universal-character-name '\u0432' cannot be represented in the current code page (1252)
F:\lpnu\labi\Lab_02\Lab_02\Lab_02.cpp(16,13): warning C4566: character represented by universal-character-name '\u0435' cannot be represented in the current code page (1252)
F:\lpnu\labi\Lab_02\Lab_02\Lab_02.cpp(16,13): warning C4566: character represented by universal-character-name '\u0434' cannot be represented in the current code page (1252)
F:\lpnu\labi\Lab_02\Lab_02\Lab_02.cpp(16,13): warning C4566: character represented by universal-character-name '\u0456' cannot be represented in the current code page (1252)
F:\lpnu\labi\Lab_02\Lab_02\Lab_02.cpp(16,13): warning C4566: character represented by universal-character-name '\u0442' cannot be represented in the current code page (1252)
F:\lpnu\labi\Lab_02\Lab_02\Lab_02.cpp(16,13): warning C4566: character represented by universal-character-name '\u044C' cannot be represented in the current code page (1252)
F:\lpnu\labi\Lab_02\Lab_02\Lab_02.cpp(16,13): warning C4566: character represented by universal-character-name '\u0437' cannot be represented in the current code page (1252)
F:\lpnu\labi\Lab_02\Lab_02\Lab_02.cpp(16,13): warning C4566: character represented by universal-character-name '\u043D' cannot be represented in the current code page (1252)
F:\lpnu\labi\Lab_02\Lab_02\Lab_02.cpp(16,13): warning C4566: character represented by universal-character-name '\u0430' cannot be represented in the current code page (1252)
F:\lpnu\labi\Lab_02\Lab_02\Lab_02.cpp(16,13): warning C4566: character represented by universal-character-name '\u0447' cannot be represented in the current code page (1252)
F:\lpnu\labi\Lab_02\Lab_02\Lab_02.cpp(16,13): warning C4566: character represented by universal-character-name '\u044F' cannot be represented in the current code page (1252)
F:\lpnu\labi\Lab_02\Lab_02\Lab_02.cpp(16,13): warning C4566: character represented by universal-character-name '\u0440' cannot be represented in the current code page (1252)
F:\lpnu\labi\Lab_02\Lab_02\Lab_02.cpp(16,13): warning C4566: character represented by universal-character-name '\u0445' cannot be represented in the current code page (1252)
F:\lpnu\labi\Lab_02\Lab_02\Lab_02.cpp(19,13): warning C4566: character represented by universal-character-name '\u0412' cannot be represented in the current code page (1252)
F:\lpnu\labi\Lab_02\Lab_02\Lab_02.cpp(19,13): warning C4566: character represented by universal-character-name '\u0432' cannot be represented in the current code page (1252)
F:\lpnu\labi\Lab_02\Lab_02\Lab_02.cpp(19,13): warning C4566: character represented by universal-character-name '\u0435' cannot be represented in the current code page (1252)
F:\lpnu\labi\Lab_02\Lab_02\Lab_02.cpp(19,13): warning C4566: character represented by universal-character-name '\u0434' cannot be represented in the current code page (1252)
F:\lpnu\labi\Lab_02\Lab_02\Lab_02.cpp(19,13): warning C4566: character represented by universal-character-name '\u0456' cannot be represented in the current code page (1252)
F:\lpnu\labi\Lab_02\Lab_02\Lab_02.cpp(19,13): warning C4566: character represented by universal-character-name '\u0442' cannot be represented in the current code page (1252)
F:\lpnu\labi\Lab_02\Lab_02\Lab_02.cpp(19,13): warning C4566: character represented by universal-character-name '\u044C' cannot be represented in the current code page (1252)
F:\lpnu\labi\Lab_02\Lab_02\Lab_02.cpp(19,13): warning C4566: character represented by universal-character-name '\u0437' cannot be represented in the current code page (1252)
F:\lpnu\labi\Lab_02\Lab_02\Lab_02.cpp(19,13): warning C4566: character represented by universal-character-name '\u043D' cannot be represented in the current code page (1252)
F:\lpnu\labi\Lab_02\Lab_02\Lab_02.cpp(19,13): warning C4566: character represented by universal-character-name '\u0430' cannot be represented in the current code page (1252)
F:\lpnu\labi\Lab_02\Lab_02\Lab_02.cpp(19,13): warning C4566: character represented by universal-character-name '\u0447' cannot be represented in the current code page (1252)
F:\lpnu\labi\Lab_02\Lab_02\Lab_02.cpp(19,13): warning C4566: character represented by universal-character-name '\u044F' cannot be represented in the current code page (1252)
F:\lpnu\labi\Lab_02\Lab_02\Lab_02.cpp(23,42): error C2065: 'M_PI': undeclared identifier
